{
  "stats": {
    "suites": 1,
    "tests": 1,
    "passes": 1,
    "pending": 0,
    "failures": 0,
    "start": "2021-05-11T07:54:27.230Z",
    "end": "2021-05-11T07:54:35.288Z",
    "duration": 8058,
    "testsRegistered": 1,
    "passPercent": 100,
    "pendingPercent": 0,
    "other": 0,
    "hasOther": false,
    "skipped": 0,
    "hasSkipped": false
  },
  "results": [
    {
      "uuid": "6ce24464-86b2-4c97-b180-b45b02851a65",
      "title": "",
      "fullFile": "cypress/integration/01-addProduct.spec copy.js",
      "file": "cypress/integration/01-addProduct.spec copy.js",
      "beforeHooks": [],
      "afterHooks": [],
      "tests": [],
      "suites": [
        {
          "uuid": "a865ac4b-626c-4a1e-9ade-3c0aad320557",
          "title": "Project Scenarii",
          "fullFile": "",
          "file": "",
          "beforeHooks": [],
          "afterHooks": [],
          "tests": [
            {
              "title": "Scenario referenceSearch",
              "fullTitle": "Project Scenarii Scenario referenceSearch",
              "timedOut": null,
              "duration": 7683,
              "state": "passed",
              "speed": "slow",
              "pass": true,
              "fail": false,
              "pending": false,
              "context": null,
              "code": "cart.addTocartViareference(product[0]);",
              "err": {},
              "uuid": "35b14fe2-fc9c-47d7-9648-150e72d760fd",
              "parentUUID": "a865ac4b-626c-4a1e-9ade-3c0aad320557",
              "isHook": false,
              "skipped": false
            }
          ],
          "suites": [],
          "passes": [
            "35b14fe2-fc9c-47d7-9648-150e72d760fd"
          ],
          "failures": [],
          "pending": [],
          "skipped": [],
          "duration": 7683,
          "root": false,
          "rootEmpty": false,
          "_timeout": 2000
        }
      ],
      "passes": [],
      "failures": [],
      "pending": [],
      "skipped": [],
      "duration": 0,
      "root": true,
      "rootEmpty": true,
      "_timeout": 2000
    }
  ],
  "meta": {
    "mocha": {
      "version": "7.0.1"
    },
    "mochawesome": {
      "options": {
        "quiet": false,
        "reportFilename": "mochawesome",
        "saveHtml": false,
        "saveJson": true,
        "consoleReporter": "spec",
        "useInlineDiffs": false,
        "code": true
      },
      "version": "6.2.2"
    },
    "marge": {
      "options": {
        "reportDir": "cypress/results/json",
        "overwrite": false,
        "html": false,
        "json": true
      },
      "version": "5.2.0"
    }
  }
}