{
  "stats": {
    "suites": 1,
    "tests": 2,
    "passes": 2,
    "pending": 0,
    "failures": 0,
    "start": "2021-05-11T11:04:01.283Z",
    "end": "2021-05-11T11:04:32.679Z",
    "duration": 31396,
    "testsRegistered": 2,
    "passPercent": 100,
    "pendingPercent": 0,
    "other": 0,
    "hasOther": false,
    "skipped": 0,
    "hasSkipped": false
  },
  "results": [
    {
      "uuid": "57546295-15c0-47d6-91bd-ba81dcc54b40",
      "title": "",
      "fullFile": "cypress/integration/01-login.js",
      "file": "cypress/integration/01-login.js",
      "beforeHooks": [],
      "afterHooks": [],
      "tests": [],
      "suites": [
        {
          "uuid": "9fb54429-9210-482f-8bd1-5b78d3495914",
          "title": "login tests",
          "fullFile": "",
          "file": "",
          "beforeHooks": [],
          "afterHooks": [],
          "tests": [
            {
              "title": "Wrong password credential \"#Req1\"",
              "fullTitle": "login tests Wrong password credential \"#Req1\"",
              "timedOut": null,
              "duration": 8075,
              "state": "passed",
              "speed": "slow",
              "pass": true,
              "fail": false,
              "pending": false,
              "context": null,
              "code": "login.setCredentials(credentials[0].login, credentials[0].password);\nlogin.submitLogin();\nlogin.checkCredentials();",
              "err": {},
              "uuid": "4524f5df-9598-4bfb-9f39-f263aa1fd27e",
              "parentUUID": "9fb54429-9210-482f-8bd1-5b78d3495914",
              "isHook": false,
              "skipped": false
            },
            {
              "title": "Six incorrect password \"#Req2\"",
              "fullTitle": "login tests Six incorrect password \"#Req2\"",
              "timedOut": null,
              "duration": 22530,
              "state": "passed",
              "speed": "slow",
              "pass": true,
              "fail": false,
              "pending": false,
              "context": null,
              "code": "credentials.forEach(credential => {\n  login.setCredentials(credential.login, credential.password);\n  login.submitLogin();\n  login.checkCredentials();\n});",
              "err": {},
              "uuid": "8246c8d0-ea11-4c76-9af8-ddccadf69243",
              "parentUUID": "9fb54429-9210-482f-8bd1-5b78d3495914",
              "isHook": false,
              "skipped": false
            }
          ],
          "suites": [],
          "passes": [
            "4524f5df-9598-4bfb-9f39-f263aa1fd27e",
            "8246c8d0-ea11-4c76-9af8-ddccadf69243"
          ],
          "failures": [],
          "pending": [],
          "skipped": [],
          "duration": 30605,
          "root": false,
          "rootEmpty": false,
          "_timeout": 2000
        }
      ],
      "passes": [],
      "failures": [],
      "pending": [],
      "skipped": [],
      "duration": 0,
      "root": true,
      "rootEmpty": true,
      "_timeout": 2000
    }
  ],
  "meta": {
    "mocha": {
      "version": "7.0.1"
    },
    "mochawesome": {
      "options": {
        "quiet": false,
        "reportFilename": "mochawesome",
        "saveHtml": false,
        "saveJson": true,
        "consoleReporter": "spec",
        "useInlineDiffs": false,
        "code": true
      },
      "version": "6.2.2"
    },
    "marge": {
      "options": {
        "reportDir": "cypress/results/json",
        "overwrite": false,
        "html": false,
        "json": true
      },
      "version": "5.2.0"
    }
  }
}